<?xml version="1.0" encoding="UTF-8"?>
<!-- Generated by org.testng.reporters.JUnitReportReporter -->
<testsuite skipped="0" hostname="Karthik" name="leaftaps.testcases.TC001_Login" tests="1" failures="0" timestamp="2019-08-04T12:32:46 IST" time="5.628" errors="0">
  <testcase name="runLogin" time="5.628" classname="leaftaps.testcases.TC001_Login"/>
</testsuite> <!-- leaftaps.testcases.TC001_Login -->
